skewer v0.2.2 [April 4, 2016]
COMMAND LINE:	skewer -x /Users/k/Jumis/github_kwatme/sequencing_process/resource/general_bad_sequence.fasta -r 0 -d 0 --end-quality 10 --min 30 -n --output /Users/k/Jumis/github_kwatme/sequencing_process/simulation/10k/clean_fastq/ --masked-output --excluded-output --threads 1 -m pe -y /Users/k/Jumis/github_kwatme/sequencing_process/resource/general_bad_sequence.fasta /Users/k/Jumis/github_kwatme/sequencing_process/simulation/10k/simulation.bwa.read1.fastq.gz /Users/k/Jumis/github_kwatme/sequencing_process/simulation/10k/simulation.bwa.read2.fastq.gz
Input file:	/Users/k/Jumis/github_kwatme/sequencing_process/simulation/10k/simulation.bwa.read1.fastq.gz
Paired file:	/Users/k/Jumis/github_kwatme/sequencing_process/simulation/10k/simulation.bwa.read2.fastq.gz
trimmed:	/Users/k/Jumis/github_kwatme/sequencing_process/simulation/10k/clean_fastq/trimmed-pair1.fastq, /Users/k/Jumis/github_kwatme/sequencing_process/simulation/10k/clean_fastq/trimmed-pair2.fastq

Parameters used:
-- 3' end adapter sequences in file (-x):	/Users/k/Jumis/github_kwatme/sequencing_process/resource/general_bad_sequence.fasta
A:	AGATCGGAAGAGC
B:	CTGTCTCTTATACACATCT
-- paired 3' end adapter sequences in file (-y):	/Users/k/Jumis/github_kwatme/sequencing_process/resource/general_bad_sequence.fasta
01:	AGATCGGAAGAGC
02:	CTGTCTCTTATACACATCT
-- maximum error ratio allowed (-r):	0.000
-- maximum indel error ratio allowed (-d):	0.000
-- end quality threshold (-q):		10
-- minimum read length allowed after trimming (-l):	30
-- file format (-f):		Sanger/Illumina 1.8+ FASTQ (auto detected)
Tue Nov 28 23:24:26 2017 >> started

Tue Nov 28 23:24:26 2017 >> done (0.329s)
10000 read pairs processed; of these:
    0 ( 0.00%) degenerative read pairs filtered out
    0 ( 0.00%) short read pairs filtered out after trimming by size control
    0 ( 0.00%) empty read pairs filtered out after trimming by size control
10000 (100.00%) read pairs available; of these:
10000 (100.00%) untrimmed read pairs available after processing

Length distribution of reads after trimming:
length	count	percentage
150	10000	100.00%
