skewer v0.2.2 [April 4, 2016]
COMMAND LINE:	skewer -x /Users/k/Jumis/github_kwatme/sequencing_process/resource/general_bad_sequence.fasta -y /Users/k/Jumis/github_kwatme/sequencing_process/resource/general_bad_sequence.fasta -r 0 -d 0 -k 13 --end-quality 30 --min 30 -n --output y --masked-output --excluded-output --threads 4 t1.peripheral_blood.exome.dna.0.fastq.gz t1.peripheral_blood.exome.dna.1.fastq.gz
Input file:	t1.peripheral_blood.exome.dna.0.fastq.gz
Paired file:	t1.peripheral_blood.exome.dna.1.fastq.gz
trimmed:	y-trimmed-pair1.fastq, y-trimmed-pair2.fastq

Parameters used:
-- 3' end adapter sequences in file (-x):	/Users/k/Jumis/github_kwatme/sequencing_process/resource/general_bad_sequence.fasta
A:	AGATCGGAAGAGC
B:	CTGTCTCTTATACACATCT
-- paired 3' end adapter sequences in file (-y):	/Users/k/Jumis/github_kwatme/sequencing_process/resource/general_bad_sequence.fasta
01:	AGATCGGAAGAGC
02:	CTGTCTCTTATACACATCT
-- maximum error ratio allowed (-r):	0.000
-- maximum indel error ratio allowed (-d):	0.000
-- end quality threshold (-q):		30
-- minimum read length allowed after trimming (-l):	30
-- file format (-f):		Sanger/Illumina 1.8+ FASTQ (auto detected)
-- number of concurrent threads (-t):	4
Tue Nov 28 13:04:02 2017 >> started

Tue Nov 28 13:58:43 2017 >> done (6560.931s)
110014640 read pairs processed; of these:
   155019 ( 0.14%) degenerative read pairs filtered out
    28635 ( 0.03%) short read pairs filtered out after trimming by size control
    12954 ( 0.01%) empty read pairs filtered out after trimming by size control
109818032 (99.82%) read pairs available; of these:
 20843960 (18.98%) trimmed read pairs available after processing
 88974072 (81.02%) untrimmed read pairs available after processing

Length distribution of reads after trimming:
length	count	percentage
 30	       47	  0.00%
 31	       62	  0.00%
 32	       95	  0.00%
 33	       83	  0.00%
 34	      129	  0.00%
 35	      164	  0.00%
 36	      236	  0.00%
 37	      261	  0.00%
 38	      331	  0.00%
 39	      445	  0.00%
 40	      516	  0.00%
 41	      680	  0.00%
 42	      872	  0.00%
 43	     1031	  0.00%
 44	     1228	  0.00%
 45	     1505	  0.00%
 46	     1874	  0.00%
 47	     2223	  0.00%
 48	     2706	  0.00%
 49	     3237	  0.00%
 50	     3742	  0.00%
 51	     4534	  0.00%
 52	     5301	  0.00%
 53	     6235	  0.01%
 54	     7324	  0.01%
 55	     8648	  0.01%
 56	    10002	  0.01%
 57	    11928	  0.01%
 58	    13741	  0.01%
 59	    15652	  0.01%
 60	    18300	  0.02%
 61	    21514	  0.02%
 62	    24394	  0.02%
 63	    27658	  0.03%
 64	    32070	  0.03%
 65	    37938	  0.03%
 66	    44465	  0.04%
 67	    50557	  0.05%
 68	    55957	  0.05%
 69	    62709	  0.06%
 70	    70578	  0.06%
 71	    78209	  0.07%
 72	    86487	  0.08%
 73	    95761	  0.09%
 74	   106032	  0.10%
 75	   116921	  0.11%
 76	   128312	  0.12%
 77	   140134	  0.13%
 78	   154041	  0.14%
 79	   166657	  0.15%
 80	   181965	  0.17%
 81	   197471	  0.18%
 82	   212460	  0.19%
 83	   228784	  0.21%
 84	   246903	  0.22%
 85	   264332	  0.24%
 86	   284200	  0.26%
 87	   305773	  0.28%
 88	   326138	  0.30%
 89	   349911	  0.32%
 90	   374885	  0.34%
 91	   401577	  0.37%
 92	   433580	  0.39%
 93	   468772	  0.43%
 94	   514035	  0.47%
 95	   574692	  0.52%
 96	   667555	  0.61%
 97	   828064	  0.75%
 98	  1157002	  1.05%
 99	  2010462	  1.83%
100	  9191873	  8.37%
101	 88974072	 81.02%
