skewer v0.2.2 [April 4, 2016]
COMMAND LINE:	skewer -x ../resource/general_bad_sequences.fasta -r 0 -d 0 --end-quality 30 --min 30 -n --output /Users/k/Jumis/github_kwatme/sequencing_process/simulation/trimmed_fastq_gz/ --masked-output --excluded-output --threads 4 -m pe -y ../resource/general_bad_sequences.fasta /Users/k/Jumis/github_kwatme/sequencing_process/simulation/10k.bwa.read1.fastq.gz /Users/k/Jumis/github_kwatme/sequencing_process/simulation/10k.bwa.read2.fastq.gz
Input file:	/Users/k/Jumis/github_kwatme/sequencing_process/simulation/10k.bwa.read1.fastq.gz
Paired file:	/Users/k/Jumis/github_kwatme/sequencing_process/simulation/10k.bwa.read2.fastq.gz
trimmed:	/Users/k/Jumis/github_kwatme/sequencing_process/simulation/trimmed_fastq_gz/trimmed-pair1.fastq, /Users/k/Jumis/github_kwatme/sequencing_process/simulation/trimmed_fastq_gz/trimmed-pair2.fastq

Parameters used:
-- 3' end adapter sequences in file (-x):	../resource/general_bad_sequences.fasta
A:	AGATCGGAAGAGC
B:	CTGTCTCTTATACACATCT
-- paired 3' end adapter sequences in file (-y):	../resource/general_bad_sequences.fasta
01:	AGATCGGAAGAGC
02:	CTGTCTCTTATACACATCT
-- maximum error ratio allowed (-r):	0.000
-- maximum indel error ratio allowed (-d):	0.000
-- end quality threshold (-q):		30
-- minimum read length allowed after trimming (-l):	30
-- file format (-f):		Sanger/Illumina 1.8+ FASTQ (auto detected)
-- number of concurrent threads (-t):	4
Wed Feb 14 21:01:09 2018 >> started

Wed Feb 14 21:01:09 2018 >> done (0.192s)
10000 read pairs processed; of these:
    0 ( 0.00%) degenerative read pairs filtered out
    0 ( 0.00%) short read pairs filtered out after trimming by size control
10000 (100.00%) empty read pairs filtered out after trimming by size control
    0 ( 0.00%) read pairs available.

Length distribution of reads after trimming:
length	count	percentage
