skewer v0.2.2 [April 4, 2016]
COMMAND LINE:	skewer -x /home/k/Downloads/general_bad_sequence.fasta -y /home/k/Downloads/general_bad_sequence.fasta -r 0 -d 0 --end-quality 10 --min 30 -n --output skewer --masked-output --excluded-output --threads 8 genome.0.fastq.gz genome.1.fastq.gz
Input file:	genome.0.fastq.gz
Paired file:	genome.1.fastq.gz
trimmed:	skewer-trimmed-pair1.fastq, skewer-trimmed-pair2.fastq

Parameters used:
-- 3' end adapter sequences in file (-x):	/home/k/Downloads/general_bad_sequence.fasta
A:	AGATCGGAAGAGC
B:	CTGTCTCTTATACACATCT
-- paired 3' end adapter sequences in file (-y):	/home/k/Downloads/general_bad_sequence.fasta
01:	AGATCGGAAGAGC
02:	CTGTCTCTTATACACATCT
-- maximum error ratio allowed (-r):	0.000
-- maximum indel error ratio allowed (-d):	0.000
-- end quality threshold (-q):		10
-- minimum read length allowed after trimming (-l):	30
-- file format (-f):		Solexa/Illumina 1.3+/Illumina 1.5+ FASTQ (auto detected)
-- number of concurrent threads (-t):	8
Tue Nov 28 16:46:15 2017 >> started

Tue Nov 28 18:06:22 2017 >> done (4806.580s)
510566063 read pairs processed; of these:
   393882 ( 0.08%) degenerative read pairs filtered out
   471795 ( 0.09%) short read pairs filtered out after trimming by size control
   209544 ( 0.04%) empty read pairs filtered out after trimming by size control
509490842 (99.79%) read pairs available; of these:
301223149 (59.12%) trimmed read pairs available after processing
208267693 (40.88%) untrimmed read pairs available after processing

Length distribution of reads after trimming:
length	count	percentage
 30	     5229	  0.00%
 31	     5981	  0.00%
 32	     6108	  0.00%
 33	     6382	  0.00%
 34	     6400	  0.00%
 35	     6832	  0.00%
 36	     7096	  0.00%
 37	     6955	  0.00%
 38	     7481	  0.00%
 39	     7649	  0.00%
 40	     7851	  0.00%
 41	     7853	  0.00%
 42	     7980	  0.00%
 43	     8281	  0.00%
 44	     8608	  0.00%
 45	     8590	  0.00%
 46	     8854	  0.00%
 47	     9264	  0.00%
 48	     9329	  0.00%
 49	     9722	  0.00%
 50	    10032	  0.00%
 51	    10277	  0.00%
 52	    10396	  0.00%
 53	    10796	  0.00%
 54	    11093	  0.00%
 55	    11228	  0.00%
 56	    11602	  0.00%
 57	    12057	  0.00%
 58	    12491	  0.00%
 59	    13157	  0.00%
 60	    13414	  0.00%
 61	    14091	  0.00%
 62	    14620	  0.00%
 63	    15185	  0.00%
 64	    15955	  0.00%
 65	    19646	  0.00%
 66	    42199	  0.01%
 67	    25519	  0.01%
 68	    19055	  0.00%
 69	    20157	  0.00%
 70	    21405	  0.00%
 71	    22591	  0.00%
 72	    23713	  0.00%
 73	    24508	  0.00%
 74	    26102	  0.01%
 75	    29765	  0.01%
 76	    26824	  0.01%
 77	    29905	  0.01%
 78	    32660	  0.01%
 79	    36508	  0.01%
 80	    40269	  0.01%
 81	    42103	  0.01%
 82	    43722	  0.01%
 83	    45764	  0.01%
 84	    49230	  0.01%
 85	    53437	  0.01%
 86	    58663	  0.01%
 87	    65357	  0.01%
 88	    74004	  0.01%
 89	    88792	  0.02%
 90	   129616	  0.03%
 91	   136690	  0.03%
 92	   143479	  0.03%
 93	   148458	  0.03%
 94	   151557	  0.03%
 95	   156290	  0.03%
 96	   164857	  0.03%
 97	   175070	  0.03%
 98	   188593	  0.04%
 99	   202484	  0.04%
100	   215671	  0.04%
101	   227102	  0.04%
102	   236553	  0.05%
103	   248160	  0.05%
104	   257987	  0.05%
105	   266531	  0.05%
106	   279176	  0.05%
107	   293769	  0.06%
108	   314003	  0.06%
109	   334812	  0.07%
110	   361002	  0.07%
111	   383668	  0.08%
112	   400851	  0.08%
113	   368706	  0.07%
114	   427744	  0.08%
115	   475532	  0.09%
116	   512369	  0.10%
117	   549735	  0.11%
118	   592412	  0.12%
119	   643034	  0.13%
120	   696670	  0.14%
121	   755172	  0.15%
122	   817664	  0.16%
123	   877638	  0.17%
124	   933330	  0.18%
125	  1001145	  0.20%
126	  1077734	  0.21%
127	  1171688	  0.23%
128	  1289273	  0.25%
129	  1423454	  0.28%
130	  1577812	  0.31%
131	  1750496	  0.34%
132	  1943473	  0.38%
133	  2144166	  0.42%
134	  2352388	  0.46%
135	  2587926	  0.51%
136	  2868163	  0.56%
137	  3250745	  0.64%
138	  3649811	  0.72%
139	  4219214	  0.83%
140	  4935524	  0.97%
141	  5880846	  1.15%
142	  7062817	  1.39%
143	  8678237	  1.70%
144	 10993333	  2.16%
145	 14454270	  2.84%
146	 19878846	  3.90%
147	 29417810	  5.77%
148	 49508655	  9.72%
149	103738201	 20.36%
150	208267693	 40.88%
