skewer v0.2.2 [April 4, 2016]
COMMAND LINE:	skewer --compress --excluded-output --threads 4 genome.0.fastq.gz genome.1.fastq.gz
Input file:	genome.0.fastq.gz
Paired file:	genome.1.fastq.gz
trimmed:	genome.0.fastq-trimmed-pair1.fastq.gz, genome.0.fastq-trimmed-pair2.fastq.gz

Parameters used:
-- 3' end adapter sequence (-x):	AGATCGGAAGAGCACACGTCTGAACTCCAGTCAC
-- paired 3' end adapter sequence (-y):	AGATCGGAAGAGCGTCGTGTAGGGAAAGAGTGTA
-- maximum error ratio allowed (-r):	0.100
-- maximum indel error ratio allowed (-d):	0.030
-- minimum read length allowed after trimming (-l):	18
-- file format (-f):		Solexa/Illumina 1.3+/Illumina 1.5+ FASTQ (auto detected)
-- number of concurrent threads (-t):	4
Sun Nov 26 23:27:56 2017 >> started

Mon Nov 27 07:33:18 2017 >> done (29121.734s)
510566063 read pairs processed; of these:
    30883 ( 0.01%) short read pairs filtered out after trimming by size control
    12342 ( 0.00%) empty read pairs filtered out after trimming by size control
510522838 (99.99%) read pairs available; of these:
 12212317 ( 2.39%) trimmed read pairs available after processing
498310521 (97.61%) untrimmed read pairs available after processing

Length distribution of reads after trimming:
length	count	percentage
 18	     6812	  0.00%
 19	     8180	  0.00%
 20	     9800	  0.00%
 21	    11594	  0.00%
 22	    13623	  0.00%
 23	    14564	  0.00%
 24	    16520	  0.00%
 25	    17757	  0.00%
 26	    19207	  0.00%
 27	    19689	  0.00%
 28	    21102	  0.00%
 29	    21780	  0.00%
 30	    24198	  0.00%
 31	    25297	  0.00%
 32	    25551	  0.01%
 33	    26114	  0.01%
 34	    26588	  0.01%
 35	    28218	  0.01%
 36	    29443	  0.01%
 37	    29291	  0.01%
 38	    31106	  0.01%
 39	    31823	  0.01%
 40	    32418	  0.01%
 41	    33385	  0.01%
 42	    33980	  0.01%
 43	    33236	  0.01%
 44	    34311	  0.01%
 45	    34906	  0.01%
 46	    35108	  0.01%
 47	    36044	  0.01%
 48	    36516	  0.01%
 49	    36657	  0.01%
 50	    38372	  0.01%
 51	    38430	  0.01%
 52	    38202	  0.01%
 53	    38649	  0.01%
 54	    38807	  0.01%
 55	    39676	  0.01%
 56	    40148	  0.01%
 57	    39734	  0.01%
 58	    39994	  0.01%
 59	    40054	  0.01%
 60	    41157	  0.01%
 61	    40871	  0.01%
 62	    41784	  0.01%
 63	    41285	  0.01%
 64	    41198	  0.01%
 65	    42117	  0.01%
 66	    41963	  0.01%
 67	    41896	  0.01%
 68	    41646	  0.01%
 69	    42203	  0.01%
 70	    43429	  0.01%
 71	    43591	  0.01%
 72	    43787	  0.01%
 73	    43266	  0.01%
 74	    43337	  0.01%
 75	    44500	  0.01%
 76	    43826	  0.01%
 77	    44850	  0.01%
 78	    45262	  0.01%
 79	    47081	  0.01%
 80	    50007	  0.01%
 81	    49606	  0.01%
 82	    48868	  0.01%
 83	    47507	  0.01%
 84	    47353	  0.01%
 85	    48981	  0.01%
 86	    48627	  0.01%
 87	    49811	  0.01%
 88	    50031	  0.01%
 89	    52611	  0.01%
 90	    58485	  0.01%
 91	    62018	  0.01%
 92	    63789	  0.01%
 93	    60041	  0.01%
 94	    56712	  0.01%
 95	    57586	  0.01%
 96	    58673	  0.01%
 97	    60693	  0.01%
 98	    65204	  0.01%
 99	    71516	  0.01%
100	    77107	  0.02%
101	    79453	  0.02%
102	    79878	  0.02%
103	    79326	  0.02%
104	    78979	  0.02%
105	    76844	  0.02%
106	    76821	  0.02%
107	    79999	  0.02%
108	    84647	  0.02%
109	    93004	  0.02%
110	   105497	  0.02%
111	   114029	  0.02%
112	   114674	  0.02%
113	   107636	  0.02%
114	   102997	  0.02%
115	   103559	  0.02%
116	   105071	  0.02%
117	   107451	  0.02%
118	   114227	  0.02%
119	   124690	  0.02%
120	   136586	  0.03%
121	   149865	  0.03%
122	   160484	  0.03%
123	   159528	  0.03%
124	   146205	  0.03%
125	   135314	  0.03%
126	   135011	  0.03%
127	   131919	  0.03%
128	   140552	  0.03%
129	   148485	  0.03%
130	   164545	  0.03%
131	   176434	  0.03%
132	   197598	  0.04%
133	   217076	  0.04%
134	   227991	  0.04%
135	   208154	  0.04%
136	   198324	  0.04%
137	   191301	  0.04%
138	   216106	  0.04%
139	   240598	  0.05%
140	   293342	  0.06%
141	   303691	  0.06%
142	   319772	  0.06%
143	   311393	  0.06%
144	   345346	  0.07%
145	   333453	  0.07%
146	   382838	  0.07%
147	   361562	  0.07%
148	   520050	  0.10%
149	   488853	  0.10%
150	498310521	 97.61%
